{"level":"error","message":"This is a fake error!"}
{"level":"info","message":"Server listening on Port 8080"}
{"level":"error","message":"This is a fake error!"}
{"level":"info","message":"Server listening on Port 8080"}
{"level":"error","message":"This is a fake error!"}
{"level":"info","message":"Server listening on Port 8080"}
{"level":"error","message":"This is a fake error!"}
{"level":"info","message":"Server listening on Port 8080"}
{"level":"error","message":"This is a fake error!"}
{"level":"info","message":"Server listening on Port 8080"}
{"level":"error","message":"This is a fake error!"}
{"level":"info","message":"Server listening on Port 8080"}
{
  message: 'This is a fake error!',
  level: 'error',
  label: 'right meow!',
  timestamp: '2023-03-19T08:31:11.947Z'
}
{
  message: 'Server listening on Port 8080',
  level: 'info',
  label: 'right meow!',
  timestamp: '2023-03-19T08:31:11.962Z'
}
undefined
undefined
undefined
undefined
{"level":"error","message":"This is a fake error!"}
{"level":"info","message":"Server listening on Port 8080"}
{"level":"error","message":"This is a fake error!"}
{"level":"info","message":"Server listening on Port 8080"}
{"level":"error","message":"This is a fake error!"}
{"level":"info","message":"Server listening on Port 8080"}
{"level":"error","message":"This is a fake error!"}
{"level":"info","message":"Server listening on Port 8080"}
{"level":"error","message":"This is a fake error!"}
{"level":"info","message":"Server listening on Port 8080"}
{"level":"error","message":"This is a fake error!"}
{"level":"info","message":"Server listening on Port 8080"}
{"level":"error","message":"This is a fake error!"}
{"level":"info","message":"Server listening on Port 8080"}
{"level":"error","message":"This is a fake error!"}
{"level":"info","message":"Server listening on Port 8080"}
{"level":"error","message":"This is a fake error!"}
{"level":"info","message":"Server listening on Port 8080"}
2023-03-19T09:20:52.829Z [undefined] error: This is a fake error!
2023-03-19T09:20:52.844Z [undefined] info: Server listening on Port 8080
2023-03-19T09:22:44.404Z [Stat APP] error: This is a fake error!
2023-03-19T09:22:44.411Z [Stat APP] info: Server listening on Port 8080
2023-03-19T09:23:24.635Z [Stat APP] error: This is a fake error!
2023-03-19T09:23:24.649Z [Stat APP] info: Server listening on Port 8080
2023-03-19T09:25:19.634Z [Stat APP] error: This is a fake error!
2023-03-19T09:25:19.643Z [Stat APP] info: Server listening on Port 8080
2023-03-19T09:28:25.080Z [Stat APP] error: This is a fake error!
2023-03-19T09:28:25.088Z [Stat APP] info: Server listening on Port 8080
2023-03-19T09:31:32.300Z [Stat APP] error: This is a fake error!
2023-03-19T09:31:32.310Z [Stat APP] info: Server listening on Port 8080
2023-03-19T09:32:28.608Z [Stat APP] error: This is a fake error!
2023-03-19T09:32:28.617Z [Stat APP] info: Server listening on Port 8080
2023-03-19T09:32:40.882Z [Stat APP] error: This is a fake error!
2023-03-19T09:32:40.890Z [Stat APP] info: Server listening on Port 8080
2023-03-19T09:33:01.546Z [Stat APP] error: This is a fake error!
2023-03-19T09:33:01.558Z [Stat APP] info: Server listening on Port 8080
2023-03-19T09:36:21.820Z [Stat APP] error: This is a fake error!
2023-03-19T09:36:21.827Z [Stat APP] info: Server listening on Port 8080
2023-03-19T09:36:54.165Z [Stat APP] error: This is a fake error!
2023-03-19T09:36:54.173Z [Stat APP] info: Server listening on Port 8080
2023-03-19T09:41:48.341Z [Stat APP] error: This is a fake error!
2023-03-19T09:41:48.349Z [Stat APP] info: Server listening on Port 8080
2023-03-19T09:43:20.933Z [Stat APP] error: This is a fake error!
2023-03-19T09:43:20.942Z [Stat APP] info: Server listening on Port 8080
2023-03-19T09:43:43.006Z [Stat APP] info: user found
2023-03-19T09:47:16.785Z [Stat APP] error: This is a fake error!
2023-03-19T09:47:16.793Z [Stat APP] info: Server listening on Port 8080
2023-03-19T09:47:22.002Z [Stat APP] info: {"host":"localhost:8080","user-agent":"insomnia/2023.1.0","x-request-id":"abcd-1234-efcd-adef","authorization":"Bearer eyJhbGciOiJIUzI1NiIsInR5cCI6IkpXVCJ9.eyJ1c2VybmFtZSI6InNpdmEiLCJpYXQiOjE2NzkyMTkwMjMsImV4cCI6MTY3OTIyMDgyM30.txTqVMpv_5pnJXCfi9LKIjh_-6VbVQ2rXDWwNykL8HQ","accept":"*/*"}
2023-03-19T09:49:29.641Z [Stat APP] error: This is a fake error!
2023-03-19T09:49:29.649Z [Stat APP] info: Server listening on Port 8080
2023-03-19T09:51:23.475Z [Stat APP] error: This is a fake error!
2023-03-19T09:51:23.493Z [Stat APP] info: Server listening on Port 8080
2023-03-19T09:52:34.416Z [Stat APP] error: This is a fake error!
2023-03-19T09:52:34.426Z [Stat APP] info: Server listening on Port 8080
2023-03-19T09:53:34.643Z [Stat APP] error: This is a fake error!
2023-03-19T09:53:34.652Z [Stat APP] info: Server listening on Port 8080
2023-03-19T09:53:39.451Z [Stat APP] info:  generating stat infor for request id %s
2023-03-19T09:55:44.590Z [Stat APP] error: This is a fake error!
2023-03-19T09:55:44.600Z [Stat APP] info: Server listening on Port 8080
2023-03-19T09:55:49.451Z [Stat APP] info: Generating stat info for request id abcd-1234-efcd-adef
2023-03-19T10:13:04.815Z [Stat APP] error: This is a fake error!
2023-03-19T10:13:04.822Z [Stat APP] info: Server listening on Port 8080
2023-03-19T10:13:20.624Z [Stat APP] error: This is a fake error!
2023-03-19T10:13:20.630Z [Stat APP] info: Server listening on Port 8080
2023-03-19T10:14:13.264Z [Stat APP] error: This is a fake error!
2023-03-19T10:14:13.270Z [Stat APP] info: Server listening on Port 8080
2023-03-19T10:14:37.642Z [Stat APP] error: This is a fake error!
2023-03-19T10:14:37.648Z [Stat APP] info: Server listening on Port 8080
2023-03-19T10:24:56.333Z [Stat APP] error: This is a fake error!
2023-03-19T10:24:56.339Z [Stat APP] info: Server listening on Port 8080
2023-03-19T10:26:55.191Z [Stat APP] error: This is a fake error!
2023-03-19T10:27:00.759Z [Stat APP] error: This is a fake error!
2023-03-19T10:27:00.765Z [Stat APP] info: Server listening on Port 8080
2023-03-19T10:28:33.985Z [Stat APP] error: This is a fake error!
2023-03-19T10:28:33.991Z [Stat APP] info: Server listening on Port 8080
2023-03-19T10:28:47.131Z [Stat APP] error: This is a fake error!
2023-03-19T10:28:47.137Z [Stat APP] info: Server listening on Port 8080
2023-03-19T10:35:52.173Z [Stat APP] error: This is a fake error!
2023-03-19T10:35:52.179Z [Stat APP] info: Server listening on Port 8080
2023-03-19T10:38:09.190Z [Stat APP] error: This is a fake error!
2023-03-19T10:38:09.196Z [Stat APP] info: Server listening on Port 8080
2023-03-19T10:38:26.876Z [Stat APP] error: This is a fake error!
2023-03-19T10:38:26.882Z [Stat APP] info: Server listening on Port 8080
2023-03-19T10:39:04.273Z [Stat APP] error: This is a fake error!
2023-03-19T10:39:04.279Z [Stat APP] info: Server listening on Port 8080
2023-03-19T10:41:03.640Z [Stat APP] error: This is a fake error!
2023-03-19T10:41:03.646Z [Stat APP] info: Server listening on Port 8080
2023-03-19T10:41:13.619Z [Stat APP] info: SELECT count(*) as user FROM users WHERE username='Siva' AND pass=md5('Siva123')
2023-03-19T10:42:26.974Z [Stat APP] error: This is a fake error!
2023-03-19T10:42:26.980Z [Stat APP] info: Server listening on Port 8080
2023-03-19T10:42:31.400Z [Stat APP] info: SELECT count(*) as user FROM users WHERE user_name='Siva' AND pass=md5('Siva123')
2023-03-19T10:43:06.060Z [Stat APP] error: This is a fake error!
2023-03-19T10:43:06.066Z [Stat APP] info: Server listening on Port 8080
2023-03-19T10:43:11.302Z [Stat APP] info: SELECT count(*) as user FROM users WHERE user_name='Siva' AND pass=md5('Siva123')
2023-03-19T10:43:11.304Z [Stat APP] info: undefined
2023-03-19T12:19:49.088Z [Stat APP] info: SELECT count(*) as user FROM users WHERE user_name='Siva' AND pass=md5('siva123')
2023-03-19T12:19:49.089Z [Stat APP] info: undefined
2023-03-19T12:21:41.233Z [Stat APP] error: This is a fake error!
2023-03-19T12:21:41.247Z [Stat APP] info: Server listening on Port 8080
2023-03-19T12:21:46.036Z [Stat APP] info: SELECT user_name as user FROM users WHERE user_name='Siva' AND pass=md5('siva123')
2023-03-19T12:21:46.041Z [Stat APP] info: undefined
2023-03-19T12:22:39.996Z [Stat APP] error: This is a fake error!
2023-03-19T12:22:40.009Z [Stat APP] info: Server listening on Port 8080
2023-03-19T12:22:44.335Z [Stat APP] info: SELECT user_name as user FROM users WHERE user_name='Siva' AND pass=md5('siva123')
2023-03-19T12:22:44.337Z [Stat APP] error: Can't add new command when connection is in closed state
2023-03-19T12:22:44.338Z [Stat APP] info: undefined
2023-03-19T12:23:23.329Z [Stat APP] error: This is a fake error!
2023-03-19T12:23:23.337Z [Stat APP] info: Server listening on Port 8080
2023-03-19T12:23:27.459Z [Stat APP] info: SELECT user_name as user FROM users WHERE user_name='Siva' AND pass=md5('siva123')
2023-03-19T12:23:27.464Z [Stat APP] error: Can't add new command when connection is in closed state
2023-03-19T12:23:27.466Z [Stat APP] info: undefined
2023-03-19T12:56:36.589Z [Stat APP] error: This is a fake error!
2023-03-19T12:56:36.595Z [Stat APP] info: Server listening on Port 8080
2023-03-19T12:57:07.579Z [Stat APP] error: This is a fake error!
2023-03-19T12:57:07.594Z [Stat APP] info: Server listening on Port 8080
2023-03-19T12:57:12.242Z [Stat APP] info: SELECT user_name as user FROM users WHERE user_name='Siva' AND pass=md5('siva123')
2023-03-19T12:57:12.247Z [Stat APP] error: Can't add new command when connection is in closed state
2023-03-19T12:57:12.249Z [Stat APP] info: undefined
2023-03-19T12:59:40.161Z [Stat APP] error: This is a fake error!
2023-03-19T12:59:40.170Z [Stat APP] info: Server listening on Port 8080
2023-03-19T12:59:47.650Z [Stat APP] info: SELECT user_name as user FROM users WHERE user_name='Siva' AND pass=md5('siva123')
2023-03-19T13:00:20.106Z [Stat APP] error: This is a fake error!
2023-03-19T13:00:20.122Z [Stat APP] info: Server listening on Port 8080
2023-03-19T13:00:25.254Z [Stat APP] info: SELECT user_name as user FROM users WHERE user_name='Siva' AND pass=md5('siva123')
2023-03-19T13:00:25.258Z [Stat APP] error: null
2023-03-19T13:00:25.262Z [Stat APP] error: Can't add new command when connection is in closed state
2023-03-19T13:00:25.265Z [Stat APP] info: undefined
2023-03-19T13:04:42.732Z [Stat APP] error: This is a fake error!
2023-03-19T13:04:42.744Z [Stat APP] info: Server listening on Port 8080
2023-03-19T13:04:48.645Z [Stat APP] info: SELECT user_name as user FROM users WHERE user_name='Siva' AND pass=md5('siva123')
2023-03-19T13:04:48.647Z [Stat APP] error: null
2023-03-19T13:04:48.649Z [Stat APP] error: Can't add new command when connection is in closed state
2023-03-19T13:04:48.650Z [Stat APP] info: undefined
2023-03-19T13:05:28.464Z [Stat APP] error: This is a fake error!
2023-03-19T13:05:28.474Z [Stat APP] info: Server listening on Port 8080
2023-03-19T13:08:36.914Z [Stat APP] error: This is a fake error!
2023-03-19T13:08:36.922Z [Stat APP] info: Server listening on Port 8080
2023-03-19T13:08:43.143Z [Stat APP] info: SELECT user_name as user FROM users WHERE user_name='Siva' AND pass=md5('siva123')
2023-03-19T13:11:43.003Z [Stat APP] error: This is a fake error!
2023-03-19T13:11:43.013Z [Stat APP] info: Server listening on Port 8080
2023-03-19T13:11:49.302Z [Stat APP] info: SELECT user_name as user FROM users WHERE user_name='Siva' AND pass=md5('siva123')
2023-03-19T13:11:49.393Z [Stat APP] error: Got an error reading communication packets
2023-03-19T13:11:49.395Z [Stat APP] info: undefined
2023-03-19T13:13:09.710Z [Stat APP] error: This is a fake error!
2023-03-19T13:13:09.719Z [Stat APP] info: Server listening on Port 8080
2023-03-19T13:13:16.048Z [Stat APP] info: SELECT user_name as user FROM users WHERE user_name='Siva' AND pass=md5('siva123')
2023-03-19T13:13:16.149Z [Stat APP] error: Got an error reading communication packets
2023-03-19T13:13:16.150Z [Stat APP] info: undefined
2023-03-19T13:17:03.104Z [Stat APP] error: This is a fake error!
2023-03-19T13:17:03.112Z [Stat APP] info: Server listening on Port 8080
2023-03-19T13:17:09.068Z [Stat APP] info: SELECT user_name as user FROM users WHERE user_name='?' AND pass=md5('?')
2023-03-19T13:17:09.144Z [Stat APP] error: write after end
2023-03-19T13:17:09.144Z [Stat APP] info: undefined
2023-03-19T13:18:17.929Z [Stat APP] error: This is a fake error!
2023-03-19T13:18:17.940Z [Stat APP] info: Server listening on Port 8080
2023-03-19T13:18:28.874Z [Stat APP] info: SELECT user_name as user FROM users WHERE user_name='?' AND pass=md5('?')
2023-03-19T13:18:29.006Z [Stat APP] error: query error is Got an error reading communication packets
2023-03-19T13:18:29.008Z [Stat APP] info: undefined
2023-03-19T13:19:34.936Z [Stat APP] error: This is a fake error!
2023-03-19T13:19:34.946Z [Stat APP] info: Server listening on Port 8080
2023-03-19T13:19:39.835Z [Stat APP] info: SELECT user_name as user FROM users WHERE user_name='?' AND pass=md5('?')
2023-03-19T13:19:39.975Z [Stat APP] error: query error is Got an error reading communication packets
2023-03-19T13:19:39.977Z [Stat APP] info: undefined
2023-03-19T13:19:39.979Z [Stat APP] error: query error is Got an error reading communication packets
2023-03-19T13:19:39.981Z [Stat APP] info: undefined
2023-03-19T13:22:21.571Z [Stat APP] error: This is a fake error!
2023-03-19T13:22:21.580Z [Stat APP] info: Server listening on Port 8080
2023-03-19T13:22:36.739Z [Stat APP] error: This is a fake error!
2023-03-19T13:22:36.749Z [Stat APP] info: Server listening on Port 8080
2023-03-19T13:23:00.719Z [Stat APP] info: SELECT user_name as user FROM users WHERE user_name='?' AND pass=md5('?')
2023-03-19T13:23:01.129Z [Stat APP] error: connection error is null
2023-03-19T13:27:51.805Z [Stat APP] error: This is a fake error!
2023-03-19T13:27:51.813Z [Stat APP] info: Server listening on Port 8080
2023-03-19T13:27:57.513Z [Stat APP] info: SELECT user_name as user FROM users WHERE user_name='Siva' AND pass=md5('siva123')
2023-03-19T13:27:57.724Z [Stat APP] error: connection error is null
2023-03-19T13:28:47.720Z [Stat APP] error: This is a fake error!
2023-03-19T13:28:47.728Z [Stat APP] info: Server listening on Port 8080
2023-03-19T13:29:02.796Z [Stat APP] error: This is a fake error!
2023-03-19T13:29:02.808Z [Stat APP] info: Server listening on Port 8080
2023-03-19T13:29:09.387Z [Stat APP] info: SELECT user_name as user FROM users WHERE user_name='Siva' AND pass=md5('siva123')
2023-03-19T13:30:34.136Z [Stat APP] error: This is a fake error!
2023-03-19T13:30:34.143Z [Stat APP] info: Server listening on Port 8080
2023-03-19T13:30:48.161Z [Stat APP] info: SELECT user_name as user FROM users WHERE user_name='Siva' AND pass=md5('siva123')
2023-03-19T13:31:09.066Z [Stat APP] error: This is a fake error!
2023-03-19T13:31:09.083Z [Stat APP] info: Server listening on Port 8080
2023-03-19T13:31:41.569Z [Stat APP] error: This is a fake error!
2023-03-19T13:31:41.584Z [Stat APP] info: Server listening on Port 8080
2023-03-19T13:32:45.368Z [Stat APP] error: This is a fake error!
2023-03-19T13:32:45.376Z [Stat APP] info: Server listening on Port 8080
2023-03-19T13:34:14.472Z [Stat APP] error: This is a fake error!
2023-03-19T13:34:14.489Z [Stat APP] info: Server listening on Port 8080
2023-03-19T13:35:06.261Z [Stat APP] error: This is a fake error!
2023-03-19T13:35:06.278Z [Stat APP] info: Server listening on Port 8080
2023-03-19T13:36:10.988Z [Stat APP] error: This is a fake error!
2023-03-19T13:36:11.003Z [Stat APP] info: Server listening on Port 8080
2023-03-19T13:36:46.990Z [Stat APP] error: This is a fake error!
2023-03-19T13:36:46.998Z [Stat APP] info: Server listening on Port 8080
2023-03-19T13:37:39.150Z [Stat APP] error: This is a fake error!
2023-03-19T13:37:39.165Z [Stat APP] info: Server listening on Port 8080
2023-03-19T13:38:20.215Z [Stat APP] error: This is a fake error!
2023-03-19T13:38:20.226Z [Stat APP] info: Server listening on Port 8080
2023-03-19T13:39:09.066Z [Stat APP] error: This is a fake error!
2023-03-19T13:39:09.081Z [Stat APP] info: Server listening on Port 8080
2023-03-19T13:40:21.644Z [Stat APP] error: This is a fake error!
2023-03-19T13:40:21.662Z [Stat APP] info: Server listening on Port 8080
2023-03-19T13:40:42.515Z [Stat APP] error: This is a fake error!
2023-03-19T13:40:42.527Z [Stat APP] info: Server listening on Port 8080
2023-03-19T13:41:11.817Z [Stat APP] error: This is a fake error!
2023-03-19T13:41:11.836Z [Stat APP] info: Server listening on Port 8080
2023-03-19T13:42:26.190Z [Stat APP] error: This is a fake error!
2023-03-19T13:42:26.200Z [Stat APP] info: Server listening on Port 8080
2023-03-19T13:45:44.201Z [Stat APP] error: This is a fake error!
2023-03-19T13:45:44.208Z [Stat APP] info: Server listening on Port 8080
2023-03-19T13:46:58.281Z [Stat APP] error: This is a fake error!
2023-03-19T13:46:58.294Z [Stat APP] info: Server listening on Port 8080
2023-03-19T13:47:57.028Z [Stat APP] error: This is a fake error!
2023-03-19T13:47:57.035Z [Stat APP] info: Server listening on Port 8080
2023-03-19T13:50:36.055Z [Stat APP] error: This is a fake error!
2023-03-19T13:50:36.067Z [Stat APP] info: Server listening on Port 8080
2023-03-19T13:51:10.246Z [Stat APP] error: This is a fake error!
2023-03-19T13:51:10.260Z [Stat APP] info: Server listening on Port 8080
2023-03-19T13:52:05.995Z [Stat APP] error: This is a fake error!
2023-03-19T13:52:06.011Z [Stat APP] info: Server listening on Port 8080
2023-03-19T13:54:26.927Z [Stat APP] error: This is a fake error!
2023-03-19T13:54:26.936Z [Stat APP] info: Server listening on Port 8080
2023-03-19T13:57:47.967Z [Stat APP] error: This is a fake error!
2023-03-19T13:57:47.975Z [Stat APP] info: Server listening on Port 8080
2023-03-19T14:00:08.152Z [Stat APP] error: This is a fake error!
2023-03-19T14:00:08.167Z [Stat APP] info: Server listening on Port 8080
2023-03-19T14:02:08.028Z [Stat APP] error: This is a fake error!
2023-03-19T14:02:08.041Z [Stat APP] info: Server listening on Port 8080
2023-03-19T14:05:03.828Z [Stat APP] error: This is a fake error!
2023-03-19T14:05:03.836Z [Stat APP] info: Server listening on Port 8080
2023-03-19T14:05:28.256Z [Stat APP] error: This is a fake error!
2023-03-19T14:05:28.270Z [Stat APP] info: Server listening on Port 8080
2023-03-19T14:06:16.412Z [Stat APP] error: This is a fake error!
2023-03-19T14:06:16.420Z [Stat APP] info: Server listening on Port 8080
2023-03-19T14:07:04.164Z [Stat APP] error: This is a fake error!
2023-03-19T14:07:04.178Z [Stat APP] info: Server listening on Port 8080
2023-03-19T15:55:48.984Z [Stat APP] error: This is a fake error!
2023-03-19T15:55:48.990Z [Stat APP] info: Server listening on Port 8080
2023-03-19T15:56:58.160Z [Stat APP] error: This is a fake error!
2023-03-19T15:56:58.169Z [Stat APP] info: Server listening on Port 8080
2023-03-19T15:58:23.651Z [Stat APP] error: This is a fake error!
2023-03-19T15:58:23.665Z [Stat APP] info: Server listening on Port 8080
2023-03-19T15:59:06.605Z [Stat APP] error: This is a fake error!
2023-03-19T15:59:06.614Z [Stat APP] info: Server listening on Port 8080
2023-03-19T16:03:26.430Z [Stat APP] error: This is a fake error!
2023-03-19T16:03:26.445Z [Stat APP] info: Server listening on Port 8080
2023-03-19T16:04:17.319Z [Stat APP] error: This is a fake error!
2023-03-19T16:04:17.334Z [Stat APP] info: Server listening on Port 8080
2023-03-19T16:33:56.799Z [Stat APP] error: This is a fake error!
2023-03-19T16:33:56.814Z [Stat APP] info: Server listening on Port 8080
2023-03-19T16:34:24.325Z [Stat APP] error: This is a fake error!
2023-03-19T16:34:24.331Z [Stat APP] info: Server listening on Port 8080
2023-03-19T16:38:05.939Z [Stat APP] error: This is a fake error!
2023-03-19T16:38:05.949Z [Stat APP] info: Server listening on Port 8080
2023-03-19T16:38:58.567Z [Stat APP] error: This is a fake error!
2023-03-19T16:38:58.575Z [Stat APP] info: Server listening on Port 8080
2023-03-19T16:39:32.117Z [Stat APP] error: This is a fake error!
2023-03-19T16:39:32.131Z [Stat APP] info: Server listening on Port 8080
2023-03-19T16:40:35.716Z [Stat APP] error: This is a fake error!
2023-03-19T16:40:35.732Z [Stat APP] info: Server listening on Port 8080
2023-03-19T16:41:04.575Z [Stat APP] error: This is a fake error!
2023-03-19T16:41:04.590Z [Stat APP] info: Server listening on Port 8080
2023-03-19T16:43:45.464Z [Stat APP] error: This is a fake error!
2023-03-19T16:43:45.473Z [Stat APP] info: Server listening on Port 8080
2023-03-19T16:44:51.158Z [Stat APP] error: This is a fake error!
2023-03-19T16:44:51.174Z [Stat APP] info: Server listening on Port 8080
2023-03-19T16:46:21.169Z [Stat APP] error: This is a fake error!
2023-03-19T16:46:21.175Z [Stat APP] info: Server listening on Port 8080
2023-03-19T16:49:31.847Z [Stat APP] error: This is a fake error!
2023-03-19T16:49:31.857Z [Stat APP] info: Server listening on Port 8080
2023-03-19T16:50:12.979Z [Stat APP] error: This is a fake error!
2023-03-19T16:50:12.986Z [Stat APP] info: Server listening on Port 8080
2023-03-19T16:50:59.775Z [Stat APP] error: This is a fake error!
2023-03-19T16:50:59.784Z [Stat APP] info: Server listening on Port 8080
2023-03-19T16:51:46.111Z [Stat APP] error: This is a fake error!
2023-03-19T16:51:46.120Z [Stat APP] info: Server listening on Port 8080
2023-03-19T16:53:36.561Z [Stat APP] error: This is a fake error!
2023-03-19T16:53:36.574Z [Stat APP] info: Server listening on Port 8080
2023-03-19T16:54:25.771Z [Stat APP] error: This is a fake error!
2023-03-19T16:54:25.783Z [Stat APP] info: Server listening on Port 8080
2023-03-19T16:55:43.552Z [Stat APP] error: This is a fake error!
2023-03-19T16:55:43.564Z [Stat APP] info: Server listening on Port 8080
2023-03-19T16:57:55.595Z [Stat APP] error: This is a fake error!
2023-03-19T16:57:55.613Z [Stat APP] info: Server listening on Port 8080
2023-03-19T17:01:44.503Z [Stat APP] error: This is a fake error!
2023-03-19T17:01:44.509Z [Stat APP] info: Server listening on Port 8080
2023-03-19T17:03:02.102Z [Stat APP] error: This is a fake error!
2023-03-19T17:03:02.118Z [Stat APP] info: Server listening on Port 8080
2023-03-19T17:04:07.911Z [Stat APP] error: This is a fake error!
2023-03-19T17:04:07.922Z [Stat APP] info: Server listening on Port 8080
2023-03-19T17:05:35.027Z [Stat APP] error: This is a fake error!
2023-03-19T17:05:35.033Z [Stat APP] info: Server listening on Port 8080
2023-03-19T17:08:00.516Z [Stat APP] error: This is a fake error!
2023-03-19T17:08:00.537Z [Stat APP] info: Server listening on Port 8080
2023-03-19T17:08:13.561Z [Stat APP] error: Cannot enqueue Handshake after already enqueuing a Handshake.
2023-03-19T17:10:00.247Z [Stat APP] error: This is a fake error!
2023-03-19T17:10:00.261Z [Stat APP] info: Server listening on Port 8080
2023-03-19T17:11:09.509Z [Stat APP] error: This is a fake error!
2023-03-19T17:11:09.517Z [Stat APP] info: Server listening on Port 8080
2023-03-19T17:12:37.703Z [Stat APP] error: This is a fake error!
2023-03-19T17:12:37.720Z [Stat APP] info: Server listening on Port 8080
2023-03-19T17:12:44.704Z [Stat APP] info: User Found. Authenticating
2023-03-19T17:12:51.832Z [Stat APP] error: User name or password not matching
2023-03-19T17:12:58.223Z [Stat APP] info: User Found. Authenticating
2023-03-19T17:15:58.009Z [Stat APP] error: This is a fake error!
2023-03-19T17:15:58.025Z [Stat APP] info: Server listening on Port 8080
2023-03-19T17:16:08.899Z [Stat APP] info: User Found. Authenticating
2023-03-19T17:16:18.689Z [Stat APP] error: User name or password not matching
2023-03-19T17:16:24.534Z [Stat APP] info: User Found. Authenticating
2023-03-19T17:17:10.042Z [Stat APP] error: This is a fake error!
2023-03-19T17:17:10.055Z [Stat APP] info: Server listening on Port 8080
2023-03-20T05:30:07.987Z [Stat APP] error: This is a fake error!
2023-03-20T05:30:07.993Z [Stat APP] info: Server listening on Port 8080
2023-03-20T05:30:15.206Z [Stat APP] info: User Found. Authenticating
2023-03-20T05:30:36.706Z [Stat APP] info: User Found. Authenticating
2023-03-20T05:30:39.037Z [Stat APP] info: User Found. Authenticating
2023-03-20T05:31:18.098Z [Stat APP] info: Generating stat info for request id b763397c-348b-48a4-8a90-1987555a835d
2023-03-20T07:26:19.738Z [Stat APP] error: This is a fake error!
2023-03-20T07:26:19.750Z [Stat APP] info: Server listening on Port 8080
2023-03-20T07:26:22.068Z [Stat APP] info: User Found. Authenticating
2023-03-20T07:26:59.558Z [Stat APP] info: Generating stat info for request id 86d11b0f-f543-4c1b-b1bb-5e64f14723c1
