{"level":"error","message":"This is a fake error!"}
{"level":"error","message":"This is a fake error!"}
{"level":"error","message":"This is a fake error!"}
{"level":"error","message":"This is a fake error!"}
{"level":"error","message":"This is a fake error!"}
{"level":"error","message":"This is a fake error!"}
{
  message: 'This is a fake error!',
  level: 'error',
  label: 'right meow!',
  timestamp: '2023-03-19T08:31:11.947Z'
}
undefined
undefined
{"level":"error","message":"This is a fake error!"}
{"level":"error","message":"This is a fake error!"}
{"level":"error","message":"This is a fake error!"}
{"level":"error","message":"This is a fake error!"}
{"level":"error","message":"This is a fake error!"}
{"level":"error","message":"This is a fake error!"}
{"level":"error","message":"This is a fake error!"}
{"level":"error","message":"This is a fake error!"}
{"level":"error","message":"This is a fake error!"}
2023-03-19T09:20:52.829Z [undefined] error: This is a fake error!
2023-03-19T09:22:44.404Z [Stat APP] error: This is a fake error!
2023-03-19T09:23:24.635Z [Stat APP] error: This is a fake error!
2023-03-19T09:25:19.634Z [Stat APP] error: This is a fake error!
2023-03-19T09:28:25.080Z [Stat APP] error: This is a fake error!
2023-03-19T09:31:32.300Z [Stat APP] error: This is a fake error!
2023-03-19T09:32:28.608Z [Stat APP] error: This is a fake error!
2023-03-19T09:32:40.882Z [Stat APP] error: This is a fake error!
2023-03-19T09:33:01.546Z [Stat APP] error: This is a fake error!
2023-03-19T09:36:21.820Z [Stat APP] error: This is a fake error!
2023-03-19T09:36:54.165Z [Stat APP] error: This is a fake error!
2023-03-19T09:41:48.341Z [Stat APP] error: This is a fake error!
2023-03-19T09:43:20.933Z [Stat APP] error: This is a fake error!
2023-03-19T09:47:16.785Z [Stat APP] error: This is a fake error!
2023-03-19T09:49:29.641Z [Stat APP] error: This is a fake error!
2023-03-19T09:51:23.475Z [Stat APP] error: This is a fake error!
2023-03-19T09:52:34.416Z [Stat APP] error: This is a fake error!
2023-03-19T09:53:34.643Z [Stat APP] error: This is a fake error!
2023-03-19T09:55:44.590Z [Stat APP] error: This is a fake error!
2023-03-19T10:13:04.815Z [Stat APP] error: This is a fake error!
2023-03-19T10:13:20.624Z [Stat APP] error: This is a fake error!
2023-03-19T10:14:13.264Z [Stat APP] error: This is a fake error!
2023-03-19T10:14:37.642Z [Stat APP] error: This is a fake error!
2023-03-19T10:24:56.333Z [Stat APP] error: This is a fake error!
2023-03-19T10:26:55.191Z [Stat APP] error: This is a fake error!
2023-03-19T10:27:00.759Z [Stat APP] error: This is a fake error!
2023-03-19T10:28:33.985Z [Stat APP] error: This is a fake error!
2023-03-19T10:28:47.131Z [Stat APP] error: This is a fake error!
2023-03-19T10:35:52.173Z [Stat APP] error: This is a fake error!
2023-03-19T10:38:09.190Z [Stat APP] error: This is a fake error!
2023-03-19T10:38:26.876Z [Stat APP] error: This is a fake error!
2023-03-19T10:39:04.273Z [Stat APP] error: This is a fake error!
2023-03-19T10:41:03.640Z [Stat APP] error: This is a fake error!
2023-03-19T10:42:26.974Z [Stat APP] error: This is a fake error!
2023-03-19T10:43:06.060Z [Stat APP] error: This is a fake error!
2023-03-19T12:21:41.233Z [Stat APP] error: This is a fake error!
2023-03-19T12:22:39.996Z [Stat APP] error: This is a fake error!
2023-03-19T12:22:44.337Z [Stat APP] error: Can't add new command when connection is in closed state
2023-03-19T12:23:23.329Z [Stat APP] error: This is a fake error!
2023-03-19T12:23:27.464Z [Stat APP] error: Can't add new command when connection is in closed state
2023-03-19T12:56:36.589Z [Stat APP] error: This is a fake error!
2023-03-19T12:57:07.579Z [Stat APP] error: This is a fake error!
2023-03-19T12:57:12.247Z [Stat APP] error: Can't add new command when connection is in closed state
2023-03-19T12:59:40.161Z [Stat APP] error: This is a fake error!
2023-03-19T13:00:20.106Z [Stat APP] error: This is a fake error!
2023-03-19T13:00:25.258Z [Stat APP] error: null
2023-03-19T13:00:25.262Z [Stat APP] error: Can't add new command when connection is in closed state
2023-03-19T13:04:42.732Z [Stat APP] error: This is a fake error!
2023-03-19T13:04:48.647Z [Stat APP] error: null
2023-03-19T13:04:48.649Z [Stat APP] error: Can't add new command when connection is in closed state
2023-03-19T13:05:28.464Z [Stat APP] error: This is a fake error!
2023-03-19T13:08:36.914Z [Stat APP] error: This is a fake error!
2023-03-19T13:11:43.003Z [Stat APP] error: This is a fake error!
2023-03-19T13:11:49.393Z [Stat APP] error: Got an error reading communication packets
2023-03-19T13:13:09.710Z [Stat APP] error: This is a fake error!
2023-03-19T13:13:16.149Z [Stat APP] error: Got an error reading communication packets
2023-03-19T13:17:03.104Z [Stat APP] error: This is a fake error!
2023-03-19T13:17:09.144Z [Stat APP] error: write after end
2023-03-19T13:18:17.929Z [Stat APP] error: This is a fake error!
2023-03-19T13:18:29.006Z [Stat APP] error: query error is Got an error reading communication packets
2023-03-19T13:19:34.936Z [Stat APP] error: This is a fake error!
2023-03-19T13:19:39.975Z [Stat APP] error: query error is Got an error reading communication packets
2023-03-19T13:19:39.979Z [Stat APP] error: query error is Got an error reading communication packets
2023-03-19T13:22:21.571Z [Stat APP] error: This is a fake error!
2023-03-19T13:22:36.739Z [Stat APP] error: This is a fake error!
2023-03-19T13:23:01.129Z [Stat APP] error: connection error is null
2023-03-19T13:27:51.805Z [Stat APP] error: This is a fake error!
2023-03-19T13:27:57.724Z [Stat APP] error: connection error is null
2023-03-19T13:28:47.720Z [Stat APP] error: This is a fake error!
2023-03-19T13:29:02.796Z [Stat APP] error: This is a fake error!
2023-03-19T13:30:34.136Z [Stat APP] error: This is a fake error!
2023-03-19T13:31:09.066Z [Stat APP] error: This is a fake error!
2023-03-19T13:31:41.569Z [Stat APP] error: This is a fake error!
2023-03-19T13:32:45.368Z [Stat APP] error: This is a fake error!
2023-03-19T13:34:14.472Z [Stat APP] error: This is a fake error!
2023-03-19T13:35:06.261Z [Stat APP] error: This is a fake error!
2023-03-19T13:36:10.988Z [Stat APP] error: This is a fake error!
2023-03-19T13:36:46.990Z [Stat APP] error: This is a fake error!
2023-03-19T13:37:39.150Z [Stat APP] error: This is a fake error!
2023-03-19T13:38:20.215Z [Stat APP] error: This is a fake error!
2023-03-19T13:39:09.066Z [Stat APP] error: This is a fake error!
2023-03-19T13:40:21.644Z [Stat APP] error: This is a fake error!
2023-03-19T13:40:42.515Z [Stat APP] error: This is a fake error!
2023-03-19T13:41:11.817Z [Stat APP] error: This is a fake error!
2023-03-19T13:42:26.190Z [Stat APP] error: This is a fake error!
2023-03-19T13:45:44.201Z [Stat APP] error: This is a fake error!
2023-03-19T13:46:58.281Z [Stat APP] error: This is a fake error!
2023-03-19T13:47:57.028Z [Stat APP] error: This is a fake error!
2023-03-19T13:50:36.055Z [Stat APP] error: This is a fake error!
2023-03-19T13:51:10.246Z [Stat APP] error: This is a fake error!
2023-03-19T13:52:05.995Z [Stat APP] error: This is a fake error!
2023-03-19T13:54:26.927Z [Stat APP] error: This is a fake error!
2023-03-19T13:57:47.967Z [Stat APP] error: This is a fake error!
2023-03-19T14:00:08.152Z [Stat APP] error: This is a fake error!
2023-03-19T14:02:08.028Z [Stat APP] error: This is a fake error!
2023-03-19T14:05:03.828Z [Stat APP] error: This is a fake error!
2023-03-19T14:05:28.256Z [Stat APP] error: This is a fake error!
2023-03-19T14:06:16.412Z [Stat APP] error: This is a fake error!
2023-03-19T14:07:04.164Z [Stat APP] error: This is a fake error!
2023-03-19T15:55:48.984Z [Stat APP] error: This is a fake error!
2023-03-19T15:56:58.160Z [Stat APP] error: This is a fake error!
2023-03-19T15:58:23.651Z [Stat APP] error: This is a fake error!
2023-03-19T15:59:06.605Z [Stat APP] error: This is a fake error!
2023-03-19T16:03:26.430Z [Stat APP] error: This is a fake error!
2023-03-19T16:04:17.319Z [Stat APP] error: This is a fake error!
2023-03-19T16:33:56.799Z [Stat APP] error: This is a fake error!
2023-03-19T16:34:24.325Z [Stat APP] error: This is a fake error!
2023-03-19T16:38:05.939Z [Stat APP] error: This is a fake error!
2023-03-19T16:38:58.567Z [Stat APP] error: This is a fake error!
2023-03-19T16:39:32.117Z [Stat APP] error: This is a fake error!
2023-03-19T16:40:35.716Z [Stat APP] error: This is a fake error!
2023-03-19T16:41:04.575Z [Stat APP] error: This is a fake error!
2023-03-19T16:43:45.464Z [Stat APP] error: This is a fake error!
2023-03-19T16:44:51.158Z [Stat APP] error: This is a fake error!
2023-03-19T16:46:21.169Z [Stat APP] error: This is a fake error!
2023-03-19T16:49:31.847Z [Stat APP] error: This is a fake error!
2023-03-19T16:50:12.979Z [Stat APP] error: This is a fake error!
2023-03-19T16:50:59.775Z [Stat APP] error: This is a fake error!
2023-03-19T16:51:46.111Z [Stat APP] error: This is a fake error!
2023-03-19T16:53:36.561Z [Stat APP] error: This is a fake error!
2023-03-19T16:54:25.771Z [Stat APP] error: This is a fake error!
2023-03-19T16:55:43.552Z [Stat APP] error: This is a fake error!
2023-03-19T16:57:55.595Z [Stat APP] error: This is a fake error!
2023-03-19T17:01:44.503Z [Stat APP] error: This is a fake error!
2023-03-19T17:03:02.102Z [Stat APP] error: This is a fake error!
2023-03-19T17:04:07.911Z [Stat APP] error: This is a fake error!
2023-03-19T17:05:35.027Z [Stat APP] error: This is a fake error!
2023-03-19T17:08:00.516Z [Stat APP] error: This is a fake error!
2023-03-19T17:08:13.561Z [Stat APP] error: Cannot enqueue Handshake after already enqueuing a Handshake.
2023-03-19T17:10:00.247Z [Stat APP] error: This is a fake error!
2023-03-19T17:11:09.509Z [Stat APP] error: This is a fake error!
2023-03-19T17:12:37.703Z [Stat APP] error: This is a fake error!
2023-03-19T17:12:51.832Z [Stat APP] error: User name or password not matching
2023-03-19T17:15:58.009Z [Stat APP] error: This is a fake error!
2023-03-19T17:16:18.689Z [Stat APP] error: User name or password not matching
2023-03-19T17:17:10.042Z [Stat APP] error: This is a fake error!
2023-03-20T05:30:07.987Z [Stat APP] error: This is a fake error!
2023-03-20T07:26:19.738Z [Stat APP] error: This is a fake error!
